2025-10-12T23:32:37.259Z [32minfo[39m: Server running at http://localhost:3001/
2025-10-12T23:33:23.290Z [32minfo[39m: Health check successful
2025-10-12T23:39:42.043Z [32minfo[39m: Server running at http://localhost:3001/
2025-10-12T23:40:40.170Z [32minfo[39m: Server running at http://localhost:3001/
2025-10-12T23:40:49.629Z [32minfo[39m: Server running at http://localhost:3001/
2025-10-12T23:41:20.974Z [32minfo[39m: Server running at http://localhost:3001/
2025-10-12T23:41:40.318Z [32minfo[39m: Server running at http://localhost:3001/
2025-10-20T22:46:51.975Z [32minfo[39m: Server running at http://localhost:3001/
2025-10-20T22:47:43.875Z [33mwarn[39m: Route not found: GET /favicon.ico
2025-10-20T22:47:52.466Z [33mwarn[39m: Route not found: GET /pp
2025-10-20T22:50:14.426Z [32minfo[39m: Server running at http://localhost:3001/
2025-10-20T22:50:59.627Z [32minfo[39m: Server running at http://localhost:3001/
2025-10-20T22:51:12.403Z [32minfo[39m: Server running at http://localhost:3001/
2025-10-20T22:51:14.824Z [32minfo[39m: Server running at http://localhost:3001/
2025-10-20T22:52:57.692Z [32minfo[39m: Server running at http://localhost:3001/
2025-10-20T22:53:01.002Z [32minfo[39m: Server running at http://localhost:3001/
2025-10-20T22:53:16.978Z [32minfo[39m: Server running at http://localhost:3001/
2025-10-20T22:57:57.679Z [32minfo[39m: Server running at http://localhost:3001/
2025-10-20T23:10:41.060Z [33mwarn[39m: Route not found: GET /aliment&100
2025-10-20T23:35:28.530Z [32minfo[39m: Server running at http://localhost:3001/
2025-10-20T23:35:47.189Z [32minfo[39m: Server running at http://localhost:3001/
2025-10-20T23:35:53.364Z [32minfo[39m: Server running at http://localhost:3001/
2025-10-20T23:36:08.849Z [32minfo[39m: Server running at http://localhost:3001/
2025-10-20T23:36:42.525Z [32minfo[39m: Server running at http://localhost:3001/
2025-10-20T23:36:51.708Z [32minfo[39m: Server running at http://localhost:3001/
2025-10-20T23:37:14.443Z [32minfo[39m: Server running at http://localhost:3001/
2025-10-20T23:37:24.242Z [32minfo[39m: Server running at http://localhost:3001/
2025-10-20T23:37:30.677Z [32minfo[39m: Server running at http://localhost:3001/
2025-10-20T23:41:50.638Z [32minfo[39m: Server running at http://localhost:3001/
2025-10-27T22:49:40.873Z [32minfo[39m: Server running at http://localhost:3001/
2025-10-27T23:17:04.517Z [32minfo[39m: Server running at http://localhost:3001/
2025-10-27T23:18:26.915Z [32minfo[39m: Server running at http://localhost:3001/
2025-10-27T23:19:40.563Z [32minfo[39m: Server running at http://localhost:3001/
2025-10-27T23:20:44.032Z [32minfo[39m: Server running at http://localhost:3001/
2025-10-27T23:21:42.081Z [32minfo[39m: Server running at http://localhost:3001/
2025-10-27T23:21:57.738Z [32minfo[39m: Server running at http://localhost:3001/
2025-10-27T23:22:29.266Z [32minfo[39m: Server running at http://localhost:3001/
2025-10-27T23:23:07.224Z [32minfo[39m: Server running at http://localhost:3001/
2025-10-27T23:23:17.805Z [32minfo[39m: Server running at http://localhost:3001/
2025-10-27T23:23:26.750Z [32minfo[39m: Server running at http://localhost:3001/
2025-10-27T23:23:43.637Z [32minfo[39m: Server running at http://localhost:3001/
2025-10-27T23:24:02.190Z [32minfo[39m: Server running at http://localhost:3001/
2025-10-27T23:24:10.042Z [32minfo[39m: Server running at http://localhost:3001/
2025-10-27T23:24:12.799Z [32minfo[39m: Server running at http://localhost:3001/
2025-10-27T23:24:21.690Z [32minfo[39m: Server running at http://localhost:3001/
2025-10-27T23:25:49.985Z [32minfo[39m: Server running at http://localhost:3001/
2025-10-27T23:26:25.431Z [32minfo[39m: Server running at http://localhost:3001/
2025-10-27T23:27:09.610Z [32minfo[39m: Server running at http://localhost:3001/
2025-10-27T23:27:59.498Z [32minfo[39m: Server running at http://localhost:3001/
2025-10-27T23:28:53.875Z [32minfo[39m: Server running at http://localhost:3001/
2025-10-27T23:32:53.771Z [32minfo[39m: Server running at http://localhost:3001/
2025-10-27T23:33:09.172Z [32minfo[39m: Server running at http://localhost:3001/
2025-10-27T23:33:20.508Z [32minfo[39m: Server running at http://localhost:3001/
2025-10-27T23:33:26.813Z [32minfo[39m: Server running at http://localhost:3001/
2025-10-27T23:34:49.838Z [32minfo[39m: Server running at http://localhost:3001/
2025-10-27T23:34:55.602Z [32minfo[39m: Server running at http://localhost:3001/
2025-10-27T23:35:14.138Z [32minfo[39m: Server running at http://localhost:3001/
2025-10-27T23:35:25.902Z [32minfo[39m: Server running at http://localhost:3001/
2025-10-27T23:35:35.318Z [32minfo[39m: Server running at http://localhost:3001/
2025-10-27T23:37:16.501Z [32minfo[39m: Server running at http://localhost:3001/
2025-10-27T23:37:26.411Z [32minfo[39m: Server running at http://localhost:3001/
2025-10-27T23:37:31.849Z [32minfo[39m: Server running at http://localhost:3001/
2025-10-27T23:39:02.765Z [32minfo[39m: Server running at http://localhost:3001/
2025-10-27T23:39:09.933Z [32minfo[39m: Server running at http://localhost:3001/
2025-10-28T00:43:31.600Z [32minfo[39m: Server running at http://localhost:3001/
2025-10-28T00:52:56.618Z [32minfo[39m: Server running at http://localhost:3000/
2025-10-28T00:53:04.168Z [33mwarn[39m: Route not found: GET /
2025-10-28T00:53:04.270Z [33mwarn[39m: Route not found: GET /favicon.ico
2025-10-28T00:53:50.018Z [32minfo[39m: Health check successful
2025-10-28T00:53:50.164Z [33mwarn[39m: Route not found: GET /favicon.ico
2025-10-28T00:54:42.358Z [33mwarn[39m: Route not found: GET /
2025-10-28T00:54:42.462Z [33mwarn[39m: Route not found: GET /favicon.ico
2025-10-28T00:56:40.434Z [32minfo[39m: Server running at http://localhost:3000/
2025-10-28T00:56:49.118Z [33mwarn[39m: Route not found: GET /
2025-10-28T00:56:49.201Z [33mwarn[39m: Route not found: GET /favicon.ico
2025-10-28T00:56:57.131Z [33mwarn[39m: Route not found: GET /api
2025-10-28T00:57:53.024Z [32minfo[39m: Server running at http://localhost:3000/
2025-10-28T00:57:58.139Z [32minfo[39m: Server running at http://localhost:3000/
2025-10-28T00:58:20.094Z [33mwarn[39m: Route not found: GET /
2025-10-28T00:58:27.341Z [33mwarn[39m: Route not found: GET /installHook.js.map
2025-10-28T00:58:36.149Z [33mwarn[39m: Route not found: GET /
2025-10-28T00:58:36.222Z [33mwarn[39m: Route not found: GET /installHook.js.map
2025-10-28T00:58:36.253Z [33mwarn[39m: Route not found: GET /favicon.ico
2025-10-28T00:59:53.011Z [32minfo[39m: Server running at http://localhost:3000/
2025-10-28T00:59:56.953Z [33mwarn[39m: Route not found: GET /
2025-10-28T00:59:57.071Z [33mwarn[39m: Route not found: GET /installHook.js.map
2025-10-28T01:00:01.219Z [33mwarn[39m: Route not found: GET /
2025-10-28T01:00:01.300Z [33mwarn[39m: Route not found: GET /installHook.js.map
2025-10-28T01:00:28.543Z [32minfo[39m: Health check successful
2025-10-28T01:00:28.698Z [33mwarn[39m: Route not found: GET /favicon.ico
2025-10-28T01:00:44.180Z [32minfo[39m: Health check successful
2025-10-28T01:00:44.287Z [33mwarn[39m: Route not found: GET /favicon.ico
2025-10-28T01:00:50.237Z [33mwarn[39m: Route not found: GET /
2025-10-28T01:00:50.345Z [33mwarn[39m: Route not found: GET /installHook.js.map
2025-10-28T01:00:50.348Z [33mwarn[39m: Route not found: GET /favicon.ico
2025-10-28T01:02:14.162Z [32minfo[39m: Server running at http://localhost:3000/
2025-10-28T01:02:25.011Z [32minfo[39m: Server running at http://localhost:3000/
2025-10-28T01:03:02.533Z [32minfo[39m: Server running at http://localhost:3000/
2025-10-28T01:03:05.600Z [33mwarn[39m: Route not found: GET /
2025-10-28T01:03:05.691Z [33mwarn[39m: Route not found: GET /installHook.js.map
2025-10-28T01:03:20.092Z [32minfo[39m: Server running at http://localhost:3000/
2025-10-28T01:03:23.464Z [32minfo[39m: Server running at http://localhost:3000/
2025-10-28T01:04:07.284Z [32minfo[39m: Server running at http://localhost:3000/
2025-10-28T01:04:26.277Z [33mwarn[39m: Route not found: GET /
2025-10-28T01:04:26.386Z [33mwarn[39m: Route not found: GET /installHook.js.map
2025-10-28T01:04:44.549Z [33mwarn[39m: Route not found: GET /
2025-10-28T01:04:44.686Z [33mwarn[39m: Route not found: GET /installHook.js.map
2025-10-28T01:07:15.574Z [32minfo[39m: Server running at http://localhost:3000/
2025-10-28T01:07:15.731Z [33mwarn[39m: Route not found: GET /
2025-10-28T01:07:15.801Z [33mwarn[39m: Route not found: GET /installHook.js.map
2025-10-28T01:07:15.803Z [33mwarn[39m: Route not found: GET /favicon.ico
2025-10-28T01:07:28.639Z [33mwarn[39m: Route not found: GET /api
2025-10-28T01:07:28.769Z [33mwarn[39m: Route not found: GET /installHook.js.map
2025-10-28T01:07:28.784Z [33mwarn[39m: Route not found: GET /favicon.ico
2025-10-28T01:11:18.363Z [32minfo[39m: Server running at http://localhost:3000/
2025-10-28T01:11:24.355Z [33mwarn[39m: Route not found: GET /installHook.js.map
2025-10-28T01:11:31.476Z [32minfo[39m: Server running at http://localhost:3000/
2025-10-28T01:11:36.822Z [33mwarn[39m: Route not found: GET /
2025-10-28T01:11:36.905Z [33mwarn[39m: Route not found: GET /installHook.js.map
2025-10-28T01:11:59.365Z [33mwarn[39m: Route not found: GET /installHook.js.map
2025-10-28T01:12:13.155Z [32minfo[39m: Answering /pong with express!
2025-10-28T01:12:13.333Z [33mwarn[39m: Route not found: GET /installHook.js.map
2025-10-28T01:13:04.264Z [32minfo[39m: Server running at http://localhost:3000/
2025-10-28T01:13:09.124Z [33mwarn[39m: Route not found: GET /
2025-10-28T01:13:09.242Z [33mwarn[39m: Route not found: GET /installHook.js.map
2025-10-28T01:13:13.728Z [32minfo[39m: Server running at http://localhost:3000/
2025-10-28T01:13:41.628Z [32minfo[39m: Categoría: undefined, Precio: undefined
2025-10-28T01:13:41.776Z [33mwarn[39m: Route not found: GET /installHook.js.map
2025-10-28T01:14:15.899Z [33mwarn[39m: Route not found: GET /
2025-10-28T01:14:16.002Z [33mwarn[39m: Route not found: GET /installHook.js.map
2025-10-28T01:15:24.696Z [33mwarn[39m: Route not found: GET /api
2025-10-28T01:15:24.811Z [33mwarn[39m: Route not found: GET /installHook.js.map
2025-10-28T01:16:05.967Z [32minfo[39m: Server running at http://localhost:3000/
2025-10-28T01:16:13.104Z [33mwarn[39m: Route not found: GET /
2025-10-28T01:16:13.193Z [33mwarn[39m: Route not found: GET /installHook.js.map
2025-10-28T01:16:29.180Z [32minfo[39m: Server running at http://localhost:3000/
2025-10-28T01:16:32.543Z [33mwarn[39m: Route not found: GET /
2025-10-28T01:16:38.802Z [32minfo[39m: Server running at http://localhost:3000/
2025-10-28T01:16:41.131Z [33mwarn[39m: Route not found: GET /
2025-10-28T01:16:51.797Z [32minfo[39m: Server running at http://localhost:3000/
2025-10-28T01:16:52.158Z [32minfo[39m: Server running at http://localhost:3000/
2025-10-28T01:20:39.904Z [32minfo[39m: Server running at http://localhost:3000/
2025-10-28T01:20:46.389Z [33mwarn[39m: Route not found: GET /installHook.js.map
2025-10-28T01:20:52.566Z [32minfo[39m: Server running at http://localhost:3000/
2025-10-28T01:20:59.419Z [33mwarn[39m: Route not found: GET /api
2025-10-28T01:20:59.511Z [33mwarn[39m: Route not found: GET /installHook.js.map
2025-10-28T01:22:12.009Z [33mwarn[39m: Route not found: GET /products
2025-10-28T01:22:12.119Z [33mwarn[39m: Route not found: GET /installHook.js.map
2025-10-28T01:22:17.342Z [33mwarn[39m: Route not found: GET /products
2025-10-28T01:22:17.424Z [33mwarn[39m: Route not found: GET /installHook.js.map
2025-10-28T01:23:28.595Z [32minfo[39m: Server running at http://localhost:3000/
2025-10-28T01:27:14.954Z [32minfo[39m: Server running at http://localhost:3000/
2025-10-28T01:27:25.512Z [32minfo[39m: Server running at http://localhost:3000/
2025-10-28T01:27:28.324Z [32minfo[39m: Server running at http://localhost:3000/
2025-10-28T01:27:36.086Z [32minfo[39m: Server running at http://localhost:3000/
2025-10-28T01:27:44.532Z [32minfo[39m: Server running at http://localhost:3000/
2025-10-28T01:27:53.954Z [32minfo[39m: Server running at http://localhost:3000/
2025-10-28T01:27:55.719Z [32minfo[39m: Server running at http://localhost:3000/
2025-10-28T01:30:15.843Z [32minfo[39m: Server running at http://localhost:3000/
2025-10-28T01:31:13.643Z [32minfo[39m: Server running at http://localhost:3000/
2025-10-28T01:31:30.762Z [33mwarn[39m: Route not found: GET /products
2025-10-28T01:31:30.842Z [33mwarn[39m: Route not found: GET /installHook.js.map
2025-10-28T01:36:52.843Z [32minfo[39m: Server running at http://localhost:3000/
2025-10-28T01:37:01.545Z [32minfo[39m: Fetched all products
2025-10-28T01:37:01.665Z [33mwarn[39m: Route not found: GET /favicon.ico
2025-10-28T01:37:09.519Z [32minfo[39m: Fetched product with ID 1
2025-10-28T01:37:09.628Z [33mwarn[39m: Route not found: GET /favicon.ico
2025-10-28T01:37:14.649Z [32minfo[39m: Fetched product with ID 2
2025-10-28T01:37:14.767Z [33mwarn[39m: Route not found: GET /favicon.ico
2025-10-28T01:37:18.631Z [33mwarn[39m: Product with ID 3 not found
2025-10-28T01:37:18.740Z [33mwarn[39m: Route not found: GET /favicon.ico
2025-10-28T01:38:03.360Z [32minfo[39m: Server running at http://localhost:3000/
2025-10-28T01:38:31.838Z [32minfo[39m: Server running at http://localhost:3000/
2025-10-28T01:39:17.141Z [32minfo[39m: Server running at http://localhost:3000/
2025-10-28T01:39:28.842Z [32minfo[39m: Server running at http://localhost:3000/
2025-10-28T01:39:38.547Z [32minfo[39m: Server running at http://localhost:3000/
2025-10-28T01:40:01.943Z [33mwarn[39m: Route not found: GET /api/product/in-stock
2025-10-28T01:40:02.072Z [33mwarn[39m: Route not found: GET /api/product/installHook.js.map
2025-10-28T01:40:14.132Z [33mwarn[39m: Product with ID NaN not found
2025-10-28T01:40:14.253Z [33mwarn[39m: Route not found: GET /favicon.ico
2025-10-28T01:40:21.181Z [32minfo[39m: Server running at http://localhost:3000/
2025-11-03T23:00:00.780Z [32minfo[39m: Server running at http://localhost:3000/
2025-11-03T23:13:32.035Z [32minfo[39m: Server running at http://localhost:3000/
2025-11-03T23:13:58.885Z [32minfo[39m: Server running at http://localhost:3000/
2025-11-03T23:14:24.668Z [32minfo[39m: Server running at http://localhost:3000/
2025-11-03T23:14:43.226Z [32minfo[39m: Server running at http://localhost:3000/
2025-11-03T23:14:45.397Z [32minfo[39m: Server running at http://localhost:3000/
2025-11-03T23:15:07.985Z [32minfo[39m: Server running at http://localhost:3000/
2025-11-03T23:16:13.100Z [32minfo[39m: Server running at http://localhost:3000/
2025-11-03T23:16:37.210Z [32minfo[39m: Server running at http://localhost:3000/
2025-11-03T23:17:49.523Z [32minfo[39m: Server running at http://localhost:3000/
2025-11-03T23:18:02.493Z [32minfo[39m: Server running at http://localhost:3000/
2025-11-03T23:18:18.442Z [32minfo[39m: Server running at http://localhost:3000/
2025-11-03T23:18:32.535Z [32minfo[39m: Server running at http://localhost:3000/
2025-11-03T23:18:58.979Z [32minfo[39m: Server running at http://localhost:3000/
2025-11-03T23:19:08.030Z [32minfo[39m: Server running at http://localhost:3000/
2025-11-03T23:19:27.509Z [32minfo[39m: Server running at http://localhost:3000/
2025-11-03T23:19:38.397Z [32minfo[39m: Server running at http://localhost:3000/
2025-11-03T23:19:59.467Z [32minfo[39m: Fetched all products
2025-11-03T23:19:59.535Z [33mwarn[39m: Route not found: GET /favicon.ico
2025-11-03T23:21:33.750Z [32minfo[39m: Server running at http://localhost:3000/
2025-11-03T23:21:40.160Z [32minfo[39m: Fetched all products
2025-11-03T23:21:40.194Z [33mwarn[39m: Route not found: GET /favicon.ico
2025-11-03T23:21:50.314Z [32minfo[39m: Server running at http://localhost:3000/
2025-11-03T23:21:54.016Z [32minfo[39m: Fetched all products
2025-11-03T23:21:54.048Z [33mwarn[39m: Route not found: GET /favicon.ico
2025-11-03T23:22:08.883Z [32minfo[39m: Server running at http://localhost:3000/
2025-11-03T23:22:16.446Z [32minfo[39m: Server running at http://localhost:3000/
2025-11-03T23:22:20.820Z [32minfo[39m: Server running at http://localhost:3000/
2025-11-03T23:22:22.855Z [32minfo[39m: Server running at http://localhost:3000/
2025-11-03T23:22:27.567Z [32minfo[39m: Fetched all products
2025-11-03T23:22:27.599Z [33mwarn[39m: Route not found: GET /favicon.ico
2025-11-03T23:22:52.869Z [32minfo[39m: Server running at http://localhost:3000/
2025-11-03T23:22:57.562Z [32minfo[39m: Fetched all products
2025-11-03T23:22:57.594Z [33mwarn[39m: Route not found: GET /favicon.ico
2025-11-03T23:23:18.138Z [31merror[39m: Error fetching product with ID 1: productsModel is not defined
2025-11-03T23:23:18.178Z [33mwarn[39m: Route not found: GET /favicon.ico
2025-11-03T23:23:57.415Z [32minfo[39m: Server running at http://localhost:3000/
2025-11-03T23:24:07.012Z [31merror[39m: Error fetching product with ID 1: productsModel is not defined
2025-11-03T23:24:07.043Z [33mwarn[39m: Route not found: GET /favicon.ico
2025-11-03T23:24:22.506Z [32minfo[39m: Server running at http://localhost:3000/
2025-11-03T23:25:02.950Z [32minfo[39m: Server running at http://localhost:3000/
2025-11-03T23:25:25.574Z [32minfo[39m: Server running at http://localhost:3000/
2025-11-03T23:25:37.394Z [32minfo[39m: Server running at http://localhost:3000/
2025-11-03T23:25:41.465Z [32minfo[39m: Server running at http://localhost:3000/
2025-11-03T23:25:44.425Z [32minfo[39m: Server running at http://localhost:3000/
2025-11-03T23:25:49.225Z [32minfo[39m: Server running at http://localhost:3000/
2025-11-03T23:25:52.180Z [33mwarn[39m: Product with ID 1 not found
2025-11-03T23:25:52.214Z [33mwarn[39m: Route not found: GET /favicon.ico
2025-11-03T23:27:05.347Z [32minfo[39m: Server running at http://localhost:3000/
2025-11-03T23:27:29.366Z [32minfo[39m: Server running at http://localhost:3000/
2025-11-03T23:27:34.605Z [33mwarn[39m: Product with ID 1 not found
2025-11-03T23:27:34.639Z [33mwarn[39m: Route not found: GET /favicon.ico
2025-11-03T23:29:09.308Z [32minfo[39m: Server running at http://localhost:3000/
2025-11-03T23:30:00.421Z [32minfo[39m: Server running at http://localhost:3000/
2025-11-03T23:30:04.481Z [32minfo[39m: Fetched product with ID 1
2025-11-03T23:30:04.513Z [33mwarn[39m: Route not found: GET /favicon.ico
2025-11-03T23:30:27.242Z [32minfo[39m: Server running at http://localhost:3000/
2025-11-03T23:30:34.099Z [32minfo[39m: Server running at http://localhost:3000/
2025-11-03T23:31:38.572Z [32minfo[39m: Server running at http://localhost:3000/
2025-11-03T23:32:43.249Z [32minfo[39m: Server running at http://localhost:3000/
2025-11-03T23:33:01.880Z [32minfo[39m: Server running at http://localhost:3000/
2025-11-03T23:33:28.225Z [32minfo[39m: Server running at http://localhost:3000/
2025-11-03T23:33:29.499Z [32minfo[39m: Server running at http://localhost:3000/
2025-11-03T23:34:58.827Z [32minfo[39m: Server running at http://localhost:3000/
2025-11-03T23:35:06.605Z [32minfo[39m: Server running at http://localhost:3000/
2025-11-03T23:35:13.693Z [32minfo[39m: Server running at http://localhost:3000/
2025-11-03T23:35:21.594Z [32minfo[39m: Server running at http://localhost:3000/
2025-11-03T23:35:33.340Z [33mwarn[39m: Product with ID NaN not found
2025-11-03T23:35:33.381Z [33mwarn[39m: Route not found: GET /favicon.ico
2025-11-03T23:36:11.867Z [32minfo[39m: Server running at http://localhost:3000/
2025-11-03T23:37:59.317Z [32minfo[39m: Server running at http://localhost:3000/
2025-11-03T23:38:06.411Z [33mwarn[39m: Product with ID NaN not found
2025-11-03T23:38:06.449Z [33mwarn[39m: Route not found: GET /favicon.ico
2025-11-03T23:38:25.300Z [32minfo[39m: Server running at http://localhost:3000/
2025-11-03T23:38:29.035Z [32minfo[39m: Server running at http://localhost:3000/
2025-11-03T23:38:38.854Z [32minfo[39m: Server running at http://localhost:3000/
2025-11-03T23:38:46.012Z [33mwarn[39m: Product with ID NaN not found
2025-11-03T23:38:46.042Z [33mwarn[39m: Route not found: GET /favicon.ico
2025-11-03T23:38:53.547Z [32minfo[39m: Fetched product with ID 1
2025-11-03T23:38:53.586Z [33mwarn[39m: Route not found: GET /favicon.ico
2025-11-03T23:39:47.562Z [32minfo[39m: Server running at http://localhost:3000/
2025-11-03T23:39:56.325Z [33mwarn[39m: Product with ID NaN not found
2025-11-03T23:39:56.380Z [33mwarn[39m: Route not found: GET /favicon.ico
2025-11-03T23:40:50.187Z [32minfo[39m: Server running at http://localhost:3000/
2025-11-03T23:40:53.706Z [33mwarn[39m: Product with ID NaN not found
2025-11-03T23:40:53.737Z [33mwarn[39m: Route not found: GET /favicon.ico
2025-11-03T23:42:07.982Z [32minfo[39m: Server running at http://localhost:3000/
2025-11-03T23:42:47.312Z [32minfo[39m: Server running at http://localhost:3000/
2025-11-03T23:43:22.537Z [32minfo[39m: Server running at http://localhost:3000/
2025-11-03T23:43:27.467Z [33mwarn[39m: Product with ID NaN not found
2025-11-03T23:43:27.499Z [33mwarn[39m: Route not found: GET /favicon.ico
2025-11-03T23:43:41.399Z [32minfo[39m: Server running at http://localhost:3000/
2025-11-03T23:44:23.180Z [33mwarn[39m: Product with ID NaN not found
2025-11-03T23:44:23.206Z [33mwarn[39m: Route not found: GET /favicon.ico
2025-11-03T23:44:28.015Z [32minfo[39m: Fetched product with ID 1
2025-11-03T23:44:28.050Z [33mwarn[39m: Route not found: GET /favicon.ico
2025-11-03T23:44:59.206Z [32minfo[39m: Server running at http://localhost:3000/
2025-11-03T23:45:12.794Z [33mwarn[39m: Product with ID NaN not found
2025-11-03T23:45:12.835Z [33mwarn[39m: Route not found: GET /favicon.ico
2025-11-03T23:49:15.968Z [32minfo[39m: Server running at http://localhost:3000/
2025-11-03T23:49:47.966Z [33mwarn[39m: Product with ID NaN not found
2025-11-03T23:49:48.044Z [33mwarn[39m: Route not found: GET /favicon.ico
2025-11-03T23:52:48.261Z [33mwarn[39m: Product with ID NaN not found
2025-11-03T23:52:48.359Z [33mwarn[39m: Route not found: GET /favicon.ico
2025-11-03T23:56:26.679Z [32minfo[39m: Server running at http://localhost:3000/
2025-11-03T23:56:41.206Z [32minfo[39m: Server running at http://localhost:3000/
2025-11-03T23:57:26.255Z [32minfo[39m: Server running at http://localhost:3000/
2025-11-03T23:58:26.736Z [32minfo[39m: Server running at http://localhost:3000/
2025-11-04T00:01:44.276Z [32minfo[39m: Server running at http://localhost:3000/
2025-11-04T00:02:22.627Z [32minfo[39m: Server running at http://localhost:3000/
2025-11-04T00:03:04.576Z [32minfo[39m: Server running at http://localhost:3000/
2025-11-04T00:03:14.988Z [33mwarn[39m: Product with ID NaN not found
2025-11-04T00:03:15.071Z [33mwarn[39m: Route not found: GET /favicon.ico
2025-11-04T00:04:06.628Z [32minfo[39m: Server running at http://localhost:3000/
2025-11-04T00:06:02.834Z [32minfo[39m: Server running at http://localhost:3000/
2025-11-04T00:07:53.768Z [32minfo[39m: Server running at http://localhost:3000/
2025-11-04T00:09:47.943Z [33mwarn[39m: Product with ID NaN not found
2025-11-04T00:09:48.038Z [33mwarn[39m: Route not found: GET /favicon.ico
2025-11-04T00:10:17.694Z [32minfo[39m: Server running at http://localhost:3000/
2025-11-04T00:10:29.857Z [33mwarn[39m: Product with ID NaN not found
2025-11-04T00:10:29.907Z [33mwarn[39m: Route not found: GET /favicon.ico
2025-11-04T00:12:30.740Z [32minfo[39m: Server running at http://localhost:3000/
2025-11-04T00:12:36.359Z [33mwarn[39m: Product with ID NaN not found
2025-11-04T00:12:36.452Z [33mwarn[39m: Route not found: GET /favicon.ico
2025-11-04T00:12:41.808Z [32minfo[39m: Server running at http://localhost:3000/
2025-11-04T00:12:53.293Z [33mwarn[39m: Product with ID NaN not found
2025-11-04T00:12:53.358Z [33mwarn[39m: Route not found: GET /favicon.ico
2025-11-04T00:55:51.282Z [33mwarn[39m: Product with ID NaN not found
2025-11-04T00:55:51.361Z [33mwarn[39m: Route not found: GET /favicon.ico
2025-11-04T00:57:40.968Z [32minfo[39m: Server running at http://localhost:3000/
2025-11-04T00:58:25.410Z [33mwarn[39m: Route not found: GET /api/products/1/-
2025-11-04T00:58:25.515Z [33mwarn[39m: Route not found: GET /favicon.ico
2025-11-04T01:29:07.436Z [32minfo[39m: Server running at http://localhost:3000/
2025-11-04T01:29:50.151Z [32minfo[39m: Server running at http://localhost:3000/
2025-11-04T01:30:20.249Z [32minfo[39m: Server running at http://localhost:3000/
2025-11-04T01:30:26.274Z [32minfo[39m: Server running at http://localhost:3000/
2025-11-04T01:34:57.274Z [32minfo[39m: Server running at http://localhost:3000/
2025-11-04T01:36:04.514Z [32minfo[39m: Server running at http://localhost:3000/
2025-11-04T01:37:21.000Z [33mwarn[39m: Product with ID NaN not found
2025-11-04T01:37:21.137Z [33mwarn[39m: Route not found: GET /favicon.ico
2025-11-04T01:38:04.386Z [32minfo[39m: Server running at http://localhost:3000/
2025-11-04T01:38:52.661Z [33mwarn[39m: Product with ID NaN not found
2025-11-04T01:38:52.742Z [33mwarn[39m: Route not found: GET /favicon.ico
2025-11-04T01:38:53.725Z [33mwarn[39m: Product with ID NaN not found
2025-11-04T01:38:53.800Z [33mwarn[39m: Route not found: GET /favicon.ico
2025-11-04T01:38:57.664Z [33mwarn[39m: Product with ID NaN not found
2025-11-04T01:38:57.729Z [33mwarn[39m: Route not found: GET /favicon.ico
2025-11-04T01:38:58.431Z [33mwarn[39m: Product with ID NaN not found
2025-11-04T01:38:58.494Z [33mwarn[39m: Route not found: GET /favicon.ico
2025-11-04T01:40:41.803Z [32minfo[39m: Server running at http://localhost:3000/
2025-11-04T01:44:37.540Z [33mwarn[39m: Product with ID NaN not found
2025-11-04T01:44:37.587Z [33mwarn[39m: Route not found: GET /favicon.ico
2025-11-04T01:45:22.827Z [32minfo[39m: Server running at http://localhost:3000/
2025-11-04T01:45:26.818Z [33mwarn[39m: Product with ID NaN not found
2025-11-04T01:45:26.865Z [33mwarn[39m: Route not found: GET /favicon.ico
2025-11-04T01:46:18.482Z [32minfo[39m: Server running at http://localhost:3000/
2025-11-04T01:47:10.912Z [32minfo[39m: Server running at http://localhost:3000/
2025-11-04T01:47:13.577Z [33mwarn[39m: Product with ID NaN not found
2025-11-04T01:47:13.634Z [33mwarn[39m: Route not found: GET /favicon.ico
2025-11-04T01:48:51.436Z [32minfo[39m: Server running at http://localhost:3000/
2025-11-04T01:48:55.372Z [33mwarn[39m: Product with ID NaN not found
2025-11-04T01:48:55.468Z [33mwarn[39m: Route not found: GET /favicon.ico
2025-11-04T01:49:14.925Z [32minfo[39m: Server running at http://localhost:3000/
2025-11-04T01:49:19.102Z [33mwarn[39m: Product with ID NaN not found
2025-11-04T01:49:19.171Z [33mwarn[39m: Route not found: GET /favicon.ico
2025-11-04T01:51:58.048Z [32minfo[39m: Server running at http://localhost:3000/
2025-11-04T01:51:59.790Z [32minfo[39m: Server running at http://localhost:3000/
2025-11-04T01:52:02.494Z [32minfo[39m: Fetched products in stock
2025-11-04T01:52:02.586Z [33mwarn[39m: Route not found: GET /favicon.ico
2025-11-04T01:53:43.377Z [32minfo[39m: Server running at http://localhost:3000/
2025-11-04T01:55:51.304Z [32minfo[39m: Server running at http://localhost:3000/
2025-11-04T01:56:25.029Z [32minfo[39m: Server running at http://localhost:3000/
2025-11-04T01:56:37.402Z [32minfo[39m: Server running at http://localhost:3000/
2025-11-04T01:56:44.100Z [32minfo[39m: Server running at http://localhost:3000/
2025-11-04T01:58:29.365Z [32minfo[39m: Server running at http://localhost:3000/
2025-11-10T23:41:56.497Z [32minfo[39m: Server running at http://localhost:3000/
2025-11-10T23:47:31.573Z [31merror[39m: Unhandled Rejection: Failed to get document because the client is offline.
2025-11-10T23:48:57.050Z [31merror[39m: Unhandled Rejection: Failed to get document because the client is offline.
2025-11-10T23:52:02.215Z [31merror[39m: Unhandled Rejection: Failed to get document because the client is offline.
2025-11-10T23:52:25.678Z [31merror[39m: Unhandled Rejection: Failed to get document because the client is offline.
2025-11-10T23:56:23.040Z [32minfo[39m: Server running at http://localhost:3000/
2025-11-10T23:57:32.648Z [32minfo[39m: Server running at http://localhost:3000/
2025-11-17T22:30:57.866Z [32minfo[39m: Server running at http://localhost:3000/
2025-11-17T22:45:36.247Z [32minfo[39m: Server running at http://localhost:3000/
2025-11-17T22:48:17.328Z [32minfo[39m: Server running at http://localhost:3000/
